<?xml version="1.0" encoding="UTF-8"?>
<coverage generated="1677871198521" clover="3.2.0">
  <project timestamp="1677871198521" name="All files">
    <metrics statements="2" coveredstatements="2" conditionals="2" coveredconditionals="2" methods="1" coveredmethods="1" elements="5" coveredelements="5" complexity="0" loc="2" ncloc="2" packages="1" files="1" classes="1"/>
    <file name="FirstApp.tsx" path="C:\Users\casti\Desktop\React\test-react-ts\src\FirstApp.tsx">
      <metrics statements="2" coveredstatements="2" conditionals="2" coveredconditionals="2" methods="1" coveredmethods="1"/>
      <line num="8" count="1" type="cond" truecount="2" falsecount="0"/>
      <line num="10" count="1" type="stmt"/>
    </file>
  </project>
</coverage>
