{"C:\\Users\\casti\\Desktop\\React\\test-react-ts\\src\\FirstApp.tsx": {"path":"C:\\Users\\casti\\Desktop\\React\\test-react-ts\\src\\FirstApp.tsx","statementMap":{"0":{"start":{"line":8,"column":24},"end":{"line":19,"column":1}},"1":{"start":{"line":10,"column":2},"end":{"line":18,"column":3}}},"fnMap":{"0":{"name":"(anonymous_0)","decl":{"start":{"line":8,"column":24},"end":{"line":8,"column":25}},"loc":{"start":{"line":8,"column":90},"end":{"line":19,"column":1}},"line":8}},"branchMap":{"0":{"loc":{"start":{"line":8,"column":34},"end":{"line":8,"column":58}},"type":"default-arg","locations":[{"start":{"line":8,"column":43},"end":{"line":8,"column":58}}],"line":8},"1":{"loc":{"start":{"line":8,"column":60},"end":{"line":8,"column":77}},"type":"default-arg","locations":[{"start":{"line":8,"column":65},"end":{"line":8,"column":77}}],"line":8}},"s":{"0":1,"1":1},"f":{"0":1},"b":{"0":[1],"1":[1]},"_coverageSchema":"1a1c01bbd47fc00a2c39e90264f33305004495a9","hash":"b6dc3a23d58cba7a2bcf53ab97802acb1277ef45"}
}
